<?xml version="1.0" encoding="UTF-8"?>
<testng-results ignored="0" total="2" passed="2" failed="0" skipped="0">
  <reporter-output>
  </reporter-output>
  <suite started-at="2023-04-06T12:47:00 IST" name="Suite" finished-at="2023-04-06T12:47:43 IST" duration-ms="42745">
    <groups>
    </groups>
    <test started-at="2023-04-06T12:47:00 IST" name="Test" finished-at="2023-04-06T12:47:43 IST" duration-ms="42745">
      <class name="TestNGApril23.Parallel2">
        <test-method signature="openBrowser()[pri:0, instance:TestNGApril23.Parallel2@37654521]" started-at="2023-04-06T12:47:26 IST" name="openBrowser" finished-at="2023-04-06T12:47:43 IST" duration-ms="16875" status="PASS">
          <reporter-output>
          </reporter-output>
        </test-method> <!-- openBrowser -->
      </class> <!-- TestNGApril23.Parallel2 -->
      <class name="TestNGApril23.Parallel1">
        <test-method signature="openBrowser()[pri:0, instance:TestNGApril23.Parallel1@4e096385]" started-at="2023-04-06T12:47:00 IST" name="openBrowser" finished-at="2023-04-06T12:47:26 IST" duration-ms="25802" status="PASS">
          <reporter-output>
          </reporter-output>
        </test-method> <!-- openBrowser -->
      </class> <!-- TestNGApril23.Parallel1 -->
    </test> <!-- Test -->
  </suite> <!-- Suite -->
</testng-results>
