<?xml version="1.0" encoding="UTF-8"?>
<!-- Generated by org.testng.reporters.JUnitXMLReporter -->
<testsuite ignored="2" hostname="DESKTOP-T373KOD" failures="0" tests="1" name="Test(failed)(failed)" time="0.081" errors="0" timestamp="2023-04-06T12:13:35 IST">
  <testcase classname="TestNGApril23.Ex1forsute" name="TC2" time="0.012"/>
  <testcase classname="TestNGApril23.Ex1forsute" name="TC1" time="0.0">
    <ignored/>
  </testcase> <!-- TC1 -->
  <testcase classname="TestNGApril23.Ex1forsute" name="TC3" time="0.0">
    <ignored/>
  </testcase> <!-- TC3 -->
</testsuite> <!-- Test(failed)(failed) -->
